<?xml version="1.0" encoding="UTF-8"?>
<!-- Generated by org.testng.reporters.JUnitReportReporter -->
<testsuite hostname="user-PC" name="com.flipkart.testscripts.SignInPageTest" tests="1" failures="0" timestamp="2 Apr 2021 02:27:39 GMT" time="2.475" errors="0">
  <testcase name="signinTest" time="2.475" classname="com.flipkart.testscripts.SignInPageTest"/>
</testsuite> <!-- com.flipkart.testscripts.SignInPageTest -->
