<?xml version="1.0" encoding="UTF-8"?>
<!-- Generated by org.testng.reporters.JUnitReportReporter -->
<testsuite hostname="user-PC" name="com.lumens.testscripts.CreateAccountPageTest" tests="2" failures="0" timestamp="2 Apr 2021 05:44:06 GMT" time="54.975" errors="0">
  <testcase name="createAccountTest" time="46.578" classname="com.lumens.testscripts.CreateAccountPageTest"/>
  <testcase name="buttonClickTest" time="8.397" classname="com.lumens.testscripts.CreateAccountPageTest"/>
</testsuite> <!-- com.lumens.testscripts.CreateAccountPageTest -->
