<?xml version="1.0" encoding="UTF-8"?>
<!-- Generated by org.testng.reporters.JUnitReportReporter -->
<testsuite hostname="user-PC" name="com.lumens.testscripts.SignInPageTest" tests="1" failures="0" timestamp="2 Apr 2021 08:08:56 GMT" time="59.296" errors="0">
  <testcase name="signinTest" time="59.296" classname="com.lumens.testscripts.SignInPageTest"/>
</testsuite> <!-- com.lumens.testscripts.SignInPageTest -->
